<?xml version="1.0" encoding="UTF-8"?>
<!-- Generated by org.testng.reporters.JUnitReportReporter -->
<testsuite skipped="0" hostname="WKWIN6962993" name="BasicsOfRestAssured.PutRequest3" tests="1" failures="0" timestamp="2020-10-10T19:16:15 IST" time="10.792" errors="0">
  <testcase name="apdateBooking" time="10.792" classname="BasicsOfRestAssured.PutRequest3"/>
  <system-out/>
</testsuite> <!-- BasicsOfRestAssured.PutRequest3 -->
