<?xml version="1.0" encoding="UTF-8"?>
<!-- Generated by org.testng.reporters.JUnitReportReporter -->
<testsuite skipped="0" hostname="DESKTOP-N60QB27" name="BasicsOfRestAssured.DeleteRequest" tests="1" failures="0" timestamp="2022-12-28T03:11:59 IST" time="7.782" errors="0">
  <testcase name="apdateBooking" time="7.782" classname="BasicsOfRestAssured.DeleteRequest"/>
  <system-out/>
</testsuite> <!-- BasicsOfRestAssured.DeleteRequest -->
