<?xml version="1.0" encoding="UTF-8"?>
<!-- Generated by org.testng.reporters.JUnitReportReporter -->
<testsuite skipped="0" hostname="WKWIN6962993" name="BasicsOfRestAssured.GetRequest5" tests="1" failures="0" timestamp="2020-09-27T19:39:18 IST" time="10.280" errors="0">
  <testcase name="restAssuredGet" time="10.280" classname="BasicsOfRestAssured.GetRequest5"/>
  <system-out/>
</testsuite> <!-- BasicsOfRestAssured.GetRequest5 -->
