<?xml version="1.0" encoding="UTF-8"?>
<!-- Generated by org.testng.reporters.JUnitReportReporter -->
<testsuite skipped="0" hostname="WKWIN6962993" name="BasicsOfRestAssured.RequestSpecificationDemo" tests="1" failures="0" timestamp="2020-10-11T18:43:33 IST" time="6.000" errors="0">
  <testcase name="directCall" time="6.000" classname="BasicsOfRestAssured.RequestSpecificationDemo"/>
  <system-out/>
</testsuite> <!-- BasicsOfRestAssured.RequestSpecificationDemo -->
