<?xml version="1.0" encoding="UTF-8"?>
<!-- Generated by org.testng.reporters.JUnitReportReporter -->
<testsuite skipped="0" hostname="WKWIN6962993" name="JsonSchemaValidation.VerifyJsonSchema" tests="1" failures="0" timestamp="2020-10-17T19:28:26 IST" time="7.533" errors="0">
  <testcase name="ds" time="7.533" classname="JsonSchemaValidation.VerifyJsonSchema"/>
  <system-out/>
</testsuite> <!-- JsonSchemaValidation.VerifyJsonSchema -->
