<?xml version="1.0" encoding="UTF-8"?>
<!-- Generated by org.testng.reporters.JUnitReportReporter -->
<testsuite skipped="0" hostname="WKWIN6962993" name="BasicsOfRestAssured.GetRequest6" tests="1" failures="0" timestamp="2020-09-27T19:44:04 IST" time="9.998" errors="0">
  <testcase name="restAssuredGet" time="9.998" classname="BasicsOfRestAssured.GetRequest6"/>
  <system-out/>
</testsuite> <!-- BasicsOfRestAssured.GetRequest6 -->
