<?xml version="1.0" encoding="UTF-8"?>
<!-- Generated by org.testng.reporters.JUnitReportReporter -->
<testsuite skipped="0" hostname="WKWIN6962993" name="PayloadHandling.PayloadAsJsonFIle" tests="1" failures="0" timestamp="2020-10-11T19:39:39 IST" time="7.631" errors="0">
  <testcase name="payloadAsJsonFIle" time="7.631" classname="PayloadHandling.PayloadAsJsonFIle"/>
  <system-out/>
</testsuite> <!-- PayloadHandling.PayloadAsJsonFIle -->
