<?xml version="1.0" encoding="UTF-8"?>
<!-- Generated by org.testng.reporters.JUnitReportReporter -->
<testsuite skipped="0" hostname="WKWIN6962993" name="BasicsOfRestAssured.GetRequest2" tests="1" failures="0" timestamp="2020-09-27T19:01:48 IST" time="7.023" errors="0">
  <testcase name="restAssuredGet" time="7.023" classname="BasicsOfRestAssured.GetRequest2"/>
  <system-out/>
</testsuite> <!-- BasicsOfRestAssured.GetRequest2 -->
