<?xml version="1.0" encoding="UTF-8"?>
<!-- Generated by org.testng.reporters.JUnitReportReporter -->
<testsuite skipped="0" hostname="WKWIN6962993" name="BasicsOfRestAssured.GetRequest" tests="1" failures="0" timestamp="2020-09-27T18:52:20 IST" time="0.032" errors="0">
  <testcase name="demoee" time="0.032" classname="BasicsOfRestAssured.GetRequest"/>
  <system-out/>
</testsuite> <!-- BasicsOfRestAssured.GetRequest -->
