<?xml version="1.0" encoding="UTF-8"?>
<!-- Generated by org.testng.reporters.JUnitReportReporter -->
<testsuite skipped="0" hostname="WKWIN6962993" name="BasicsOfRestAssured.PostRequestRequestSpec" tests="1" failures="0" timestamp="2020-10-10T10:01:33 IST" time="4.517" errors="0">
  <testcase name="createBooking" time="4.517" classname="BasicsOfRestAssured.PostRequestRequestSpec"/>
  <system-out/>
</testsuite> <!-- BasicsOfRestAssured.PostRequestRequestSpec -->
