<?xml version="1.0" encoding="UTF-8"?>
<!-- Generated by org.testng.reporters.JUnitReportReporter -->
<testsuite skipped="0" hostname="WKWIN6962993" name="PojoExamples.PayloadUsingPOJO2" tests="1" failures="0" timestamp="2020-10-31T18:37:03 IST" time="0.535" errors="0">
  <testcase name="createBooking" time="0.535" classname="PojoExamples.PayloadUsingPOJO2"/>
  <system-out/>
</testsuite> <!-- PojoExamples.PayloadUsingPOJO2 -->
