<?xml version="1.0" encoding="UTF-8"?>
<!-- Generated by org.testng.reporters.JUnitReportReporter -->
<testsuite skipped="0" hostname="WKWIN6962993" name="PojoResponse.PostRequest" tests="1" failures="0" timestamp="2020-10-31T19:42:21 IST" time="10.690" errors="0">
  <testcase name="createBooking" time="10.690" classname="PojoResponse.PostRequest"/>
  <system-out/>
</testsuite> <!-- PojoResponse.PostRequest -->
