<?xml version="1.0" encoding="UTF-8"?>
<!-- Generated by org.testng.reporters.JUnitReportReporter -->
<testsuite skipped="0" hostname="WKWIN6962993" name="BasicsOfRestAssured.GetRequest12" tests="1" failures="0" timestamp="2020-10-04T19:24:28 IST" time="7.276" errors="0">
  <testcase name="restAssuredGet" time="7.276" classname="BasicsOfRestAssured.GetRequest12"/>
  <system-out/>
</testsuite> <!-- BasicsOfRestAssured.GetRequest12 -->
