<?xml version="1.0" encoding="UTF-8"?>
<!-- Generated by org.testng.reporters.JUnitReportReporter -->
<testsuite skipped="0" hostname="WKWIN6962993" name="BasicsOfRestAssured.PutRequest" tests="1" failures="0" timestamp="2020-10-10T18:53:54 IST" time="10.988" errors="0">
  <testcase name="apdateBooking" time="10.988" classname="BasicsOfRestAssured.PutRequest"/>
  <system-out/>
</testsuite> <!-- BasicsOfRestAssured.PutRequest -->
