<?xml version="1.0" encoding="UTF-8"?>
<!-- Generated by org.testng.reporters.JUnitReportReporter -->
<testsuite skipped="0" hostname="WKWIN6962993" name="PayloadHandling.TypeRefExample2" tests="1" failures="0" timestamp="2020-10-25T18:51:58 IST" time="27.201" errors="0">
  <testcase name="createBooking" time="27.201" classname="PayloadHandling.TypeRefExample2"/>
  <system-out/>
</testsuite> <!-- PayloadHandling.TypeRefExample2 -->
