<?xml version="1.0" encoding="UTF-8"?>
<!-- Generated by org.testng.reporters.JUnitReportReporter -->
<testsuite skipped="0" hostname="WKWIN6962993" name="PayloadHandling.TyepRefListExample" tests="1" failures="0" timestamp="2020-10-25T18:39:18 IST" time="8.063" errors="0">
  <testcase name="getAllBookings" time="8.063" classname="PayloadHandling.TyepRefListExample"/>
  <system-out/>
</testsuite> <!-- PayloadHandling.TyepRefListExample -->
