<?xml version="1.0" encoding="UTF-8"?>
<!-- Generated by org.testng.reporters.JUnitReportReporter -->
<testsuite skipped="0" hostname="WKWIN6962993" name="BasicsOfRestAssured.GetRequest4" tests="1" failures="0" timestamp="2020-09-27T19:31:26 IST" time="9.584" errors="0">
  <testcase name="restAssuredGet" time="9.584" classname="BasicsOfRestAssured.GetRequest4"/>
  <system-out/>
</testsuite> <!-- BasicsOfRestAssured.GetRequest4 -->
