<?xml version="1.0" encoding="UTF-8"?>
<!-- Generated by org.testng.reporters.JUnitReportReporter -->
<testsuite skipped="0" hostname="WKWIN6962993" name="pojo.exx" tests="1" failures="0" timestamp="2020-10-25T17:47:49 IST" time="0.425" errors="0">
  <testcase name="createListOfEmployeesJSONArrayFromEmployeePOJOClass" time="0.425" classname="pojo.exx"/>
  <system-out/>
</testsuite> <!-- pojo.exx -->
