<?xml version="1.0" encoding="UTF-8"?>
<!-- Generated by org.testng.reporters.JUnitReportReporter -->
<testsuite skipped="0" hostname="WKWIN6962993" name="BasicsOfRestAssured.PatchRequest" tests="1" failures="0" timestamp="2020-10-10T19:19:40 IST" time="10.624" errors="0">
  <testcase name="apdateBooking" time="10.624" classname="BasicsOfRestAssured.PatchRequest"/>
  <system-out/>
</testsuite> <!-- BasicsOfRestAssured.PatchRequest -->
