<?xml version="1.0" encoding="UTF-8"?>
<!-- Generated by org.testng.reporters.JUnitReportReporter -->
<testsuite skipped="0" hostname="WKWIN6962993" name="BasicsOfRestAssured.PostRequest" tests="1" failures="0" timestamp="2020-10-04T19:40:52 IST" time="9.368" errors="0">
  <testcase name="createBooking" time="9.368" classname="BasicsOfRestAssured.PostRequest"/>
  <system-out/>
</testsuite> <!-- BasicsOfRestAssured.PostRequest -->
