<?xml version="1.0" encoding="UTF-8"?>
<!-- Generated by org.testng.reporters.JUnitReportReporter -->
<testsuite skipped="0" hostname="WKWIN6962993" name="BasicsOfRestAssured.GetRequest3" tests="1" failures="0" timestamp="2020-10-04T19:51:06 IST" time="9.784" errors="0">
  <testcase name="restAssuredGet" time="9.784" classname="BasicsOfRestAssured.GetRequest3"/>
  <system-out/>
</testsuite> <!-- BasicsOfRestAssured.GetRequest3 -->
