<?xml version="1.0" encoding="UTF-8"?>
<!-- Generated by org.testng.reporters.JUnitReportReporter -->
<testsuite skipped="0" hostname="WKWIN6962993" name="PayloadHandling.TypeRefExample" tests="1" failures="0" timestamp="2020-10-25T18:27:24 IST" time="8.796" errors="0">
  <testcase name="createBooking" time="8.796" classname="PayloadHandling.TypeRefExample"/>
  <system-out/>
</testsuite> <!-- PayloadHandling.TypeRefExample -->
