<?xml version="1.0" encoding="UTF-8"?>
<!-- Generated by org.testng.reporters.JUnitReportReporter -->
<testsuite skipped="0" hostname="WKWIN6962993" name="PayloadHandling.PayloadAsString" tests="2" failures="0" timestamp="2020-10-11T19:11:36 IST" time="10.232" errors="0">
  <testcase name="PayloadAsString" time="8.620" classname="PayloadHandling.PayloadAsString"/>
  <system-out/>
  <testcase name="PayloadAsString1" time="1.612" classname="PayloadHandling.PayloadAsString"/>
  <system-out/>
</testsuite> <!-- PayloadHandling.PayloadAsString -->
