<?xml version="1.0" encoding="UTF-8"?>
<!-- Generated by org.testng.reporters.JUnitReportReporter -->
<testsuite skipped="0" hostname="WKWIN6962993" name="BasicsOfRestAssured.GetRequest9" tests="1" failures="0" timestamp="2020-10-03T19:19:58 IST" time="8.152" errors="0">
  <testcase name="restAssuredGet" time="8.152" classname="BasicsOfRestAssured.GetRequest9"/>
  <system-out/>
</testsuite> <!-- BasicsOfRestAssured.GetRequest9 -->
