<?xml version="1.0" encoding="UTF-8"?>
<!-- Generated by org.testng.reporters.JUnitReportReporter -->
<testsuite skipped="0" hostname="WKWIN6962993" name="BasicsOfRestAssured.GetRequest7" tests="1" failures="0" timestamp="2020-10-03T19:09:44 IST" time="7.214" errors="0">
  <testcase name="restAssuredGet" time="7.214" classname="BasicsOfRestAssured.GetRequest7"/>
  <system-out/>
</testsuite> <!-- BasicsOfRestAssured.GetRequest7 -->
